# JRE version: OpenJDK Runtime Environment Temurin-21.0.8+9 (21.0.8+9) (build 21.0.8+9-LTS)
# Java VM: OpenJDK 64-Bit Server VM Temurin-21.0.8+9 (21.0.8+9-LTS, mixed mode, sharing, tiered, compressed oops, compressed class ptrs, parallel gc, windows-amd64)
GC Precious Log:
 CardTable entry size: 512
 CPUs: 22 total, 22 available
 Memory: 32373M
 Large Page Support: Disabled
 NUMA Support: Disabled
 Compressed Oops: Enabled (32-bit)
 Alignments: Space 512K, Generation 512K, Heap 2M
 Heap Min Capacity: 100M
 Heap Initial Capacity: 100M
 Heap Max Capacity: 2G
 Pre-touch: Disabled
 Parallel Workers: 16
Heap:
 PSYoungGen      total 4096K, used 3287K [0x00000000d5580000, 0x00000000d5d00000, 0x0000000100000000)
  eden space 3072K, 87% used [0x00000000d5580000,0x00000000d581dce0,0x00000000d5880000)
  from space 1024K, 59% used [0x00000000d5c00000,0x00000000d5c98020,0x00000000d5d00000)
  to   space 1024K, 0% used [0x00000000d5b00000,0x00000000d5b00000,0x00000000d5c00000)
 ParOldGen       total 570880K, used 570704K [0x0000000080000000, 0x00000000a2d80000, 0x00000000d5580000)
  object space 570880K, 99% used [0x0000000080000000,0x00000000a2d542d0,0x00000000a2d80000)
 Metaspace       used 70495K, committed 72000K, reserved 1114112K
  class space    used 7572K, committed 8256K, reserved 1048576K
GC Heap History (20 events):
Event: 22.397 GC heap before
{Heap before GC invocations=518 (full 3):
 PSYoungGen      total 4608K, used 4288K [0x00000000d5580000, 0x00000000d5d00000, 0x0000000100000000)
  eden space 2560K, 100% used [0x00000000d5580000,0x00000000d5800000,0x00000000d5800000)
  from space 2048K, 84% used [0x00000000d5b00000,0x00000000d5cb0000,0x00000000d5d00000)
  to   space 2560K, 0% used [0x00000000d5800000,0x00000000d5800000,0x00000000d5a80000)
 ParOldGen       total 562176K, used 561928K [0x0000000080000000, 0x00000000a2500000, 0x00000000d5580000)
  object space 562176K, 99% used [0x0000000080000000,0x00000000a24c21f0,0x00000000a2500000)
 Metaspace       used 68405K, committed 69888K, reserved 1114112K
  class space    used 7315K, committed 8000K, reserved 1048576K
}
Event: 22.400 GC heap after
{Heap after GC invocations=518 (full 3):
 PSYoungGen      total 5120K, used 1984K [0x00000000d5580000, 0x00000000d5c80000, 0x0000000100000000)
  eden space 2560K, 0% used [0x00000000d5580000,0x00000000d5580000,0x00000000d5800000)
  from space 2560K, 77% used [0x00000000d5800000,0x00000000d59f0000,0x00000000d5a80000)
  to   space 2048K, 0% used [0x00000000d5a80000,0x00000000d5a80000,0x00000000d5c80000)
 ParOldGen       total 563712K, used 563472K [0x0000000080000000, 0x00000000a2680000, 0x00000000d5580000)
  object space 563712K, 99% used [0x0000000080000000,0x00000000a26441f0,0x00000000a2680000)
 Metaspace       used 68405K, committed 69888K, reserved 1114112K
  class space    used 7315K, committed 8000K, reserved 1048576K
}
Event: 22.408 GC heap before
{Heap before GC invocations=519 (full 3):
 PSYoungGen      total 5120K, used 4544K [0x00000000d5580000, 0x00000000d5c80000, 0x0000000100000000)
  eden space 2560K, 100% used [0x00000000d5580000,0x00000000d5800000,0x00000000d5800000)
  from space 2560K, 77% used [0x00000000d5800000,0x00000000d59f0000,0x00000000d5a80000)
  to   space 2048K, 0% used [0x00000000d5a80000,0x00000000d5a80000,0x00000000d5c80000)
 ParOldGen       total 563712K, used 563472K [0x0000000080000000, 0x00000000a2680000, 0x00000000d5580000)
  object space 563712K, 99% used [0x0000000080000000,0x00000000a26441f0,0x00000000a2680000)
 Metaspace       used 68427K, committed 69952K, reserved 1114112K
  class space    used 7319K, committed 8000K, reserved 1048576K
}
Event: 22.411 GC heap after
{Heap after GC invocations=519 (full 3):
 PSYoungGen      total 5120K, used 1952K [0x00000000d5580000, 0x00000000d5c80000, 0x0000000100000000)
  eden space 3072K, 0% used [0x00000000d5580000,0x00000000d5580000,0x00000000d5880000)
  from space 2048K, 95% used [0x00000000d5a80000,0x00000000d5c68000,0x00000000d5c80000)
  to   space 2048K, 0% used [0x00000000d5880000,0x00000000d5880000,0x00000000d5a80000)
 ParOldGen       total 565760K, used 565296K [0x0000000080000000, 0x00000000a2880000, 0x00000000d5580000)
  object space 565760K, 99% used [0x0000000080000000,0x00000000a280c1f0,0x00000000a2880000)
 Metaspace       used 68427K, committed 69952K, reserved 1114112K
  class space    used 7319K, committed 8000K, reserved 1048576K
}
Event: 22.420 GC heap before
{Heap before GC invocations=520 (full 3):
 PSYoungGen      total 5120K, used 5024K [0x00000000d5580000, 0x00000000d5c80000, 0x0000000100000000)
  eden space 3072K, 100% used [0x00000000d5580000,0x00000000d5880000,0x00000000d5880000)
  from space 2048K, 95% used [0x00000000d5a80000,0x00000000d5c68000,0x00000000d5c80000)
  to   space 2048K, 0% used [0x00000000d5880000,0x00000000d5880000,0x00000000d5a80000)
 ParOldGen       total 565760K, used 565296K [0x0000000080000000, 0x00000000a2880000, 0x00000000d5580000)
  object space 565760K, 99% used [0x0000000080000000,0x00000000a280c1f0,0x00000000a2880000)
 Metaspace       used 68463K, committed 69952K, reserved 1114112K
  class space    used 7322K, committed 8000K, reserved 1048576K
}
Event: 22.423 GC heap after
{Heap after GC invocations=520 (full 3):
 PSYoungGen      total 5120K, used 2048K [0x00000000d5580000, 0x00000000d6280000, 0x0000000100000000)
  eden space 3072K, 0% used [0x00000000d5580000,0x00000000d5580000,0x00000000d5880000)
  from space 2048K, 100% used [0x00000000d5880000,0x00000000d5a80000,0x00000000d5a80000)
  to   space 4608K, 0% used [0x00000000d5e00000,0x00000000d5e00000,0x00000000d6280000)
 ParOldGen       total 567296K, used 567248K [0x0000000080000000, 0x00000000a2a00000, 0x00000000d5580000)
  object space 567296K, 99% used [0x0000000080000000,0x00000000a29f41f0,0x00000000a2a00000)
 Metaspace       used 68463K, committed 69952K, reserved 1114112K
  class space    used 7322K, committed 8000K, reserved 1048576K
}
Event: 22.609 GC heap before
{Heap before GC invocations=521 (full 3):
 PSYoungGen      total 5120K, used 5117K [0x00000000d5580000, 0x00000000d6280000, 0x0000000100000000)
  eden space 3072K, 99% used [0x00000000d5580000,0x00000000d587f4a0,0x00000000d5880000)
  from space 2048K, 100% used [0x00000000d5880000,0x00000000d5a80000,0x00000000d5a80000)
  to   space 4608K, 0% used [0x00000000d5e00000,0x00000000d5e00000,0x00000000d6280000)
 ParOldGen       total 567296K, used 567248K [0x0000000080000000, 0x00000000a2a00000, 0x00000000d5580000)
  object space 567296K, 99% used [0x0000000080000000,0x00000000a29f41f0,0x00000000a2a00000)
 Metaspace       used 68852K, committed 70400K, reserved 1114112K
  class space    used 7363K, committed 8064K, reserved 1048576K
}
Event: 22.612 GC heap after
{Heap after GC invocations=521 (full 3):
 PSYoungGen      total 4096K, used 576K [0x00000000d5580000, 0x00000000d5f00000, 0x0000000100000000)
  eden space 3072K, 0% used [0x00000000d5580000,0x00000000d5580000,0x00000000d5880000)
  from space 1024K, 56% used [0x00000000d5e00000,0x00000000d5e90000,0x00000000d5f00000)
  to   space 2048K, 0% used [0x00000000d5b00000,0x00000000d5b00000,0x00000000d5d00000)
 ParOldGen       total 569344K, used 569208K [0x0000000080000000, 0x00000000a2c00000, 0x00000000d5580000)
  object space 569344K, 99% used [0x0000000080000000,0x00000000a2bde1f0,0x00000000a2c00000)
 Metaspace       used 68852K, committed 70400K, reserved 1114112K
  class space    used 7363K, committed 8064K, reserved 1048576K
}
Event: 22.687 GC heap before
{Heap before GC invocations=522 (full 3):
 PSYoungGen      total 4096K, used 3648K [0x00000000d5580000, 0x00000000d5f00000, 0x0000000100000000)
  eden space 3072K, 100% used [0x00000000d5580000,0x00000000d5880000,0x00000000d5880000)
  from space 1024K, 56% used [0x00000000d5e00000,0x00000000d5e90000,0x00000000d5f00000)
  to   space 2048K, 0% used [0x00000000d5b00000,0x00000000d5b00000,0x00000000d5d00000)
 ParOldGen       total 569344K, used 569208K [0x0000000080000000, 0x00000000a2c00000, 0x00000000d5580000)
  object space 569344K, 99% used [0x0000000080000000,0x00000000a2bde1f0,0x00000000a2c00000)
 Metaspace       used 68938K, committed 70464K, reserved 1114112K
  class space    used 7373K, committed 8064K, reserved 1048576K
}
Event: 22.689 GC heap after
{Heap after GC invocations=522 (full 3):
 PSYoungGen      total 5120K, used 1096K [0x00000000d5580000, 0x00000000d5e80000, 0x0000000100000000)
  eden space 3072K, 0% used [0x00000000d5580000,0x00000000d5580000,0x00000000d5880000)
  from space 2048K, 53% used [0x00000000d5b00000,0x00000000d5c122f0,0x00000000d5d00000)
  to   space 1536K, 0% used [0x00000000d5d00000,0x00000000d5d00000,0x00000000d5e80000)
 ParOldGen       total 569856K, used 569552K [0x0000000080000000, 0x00000000a2c80000, 0x00000000d5580000)
  object space 569856K, 99% used [0x0000000080000000,0x00000000a2c341f0,0x00000000a2c80000)
 Metaspace       used 68938K, committed 70464K, reserved 1114112K
  class space    used 7373K, committed 8064K, reserved 1048576K
}
Event: 22.713 GC heap before
{Heap before GC invocations=523 (full 3):
 PSYoungGen      total 5120K, used 4168K [0x00000000d5580000, 0x00000000d5e80000, 0x0000000100000000)
  eden space 3072K, 100% used [0x00000000d5580000,0x00000000d5880000,0x00000000d5880000)
  from space 2048K, 53% used [0x00000000d5b00000,0x00000000d5c122f0,0x00000000d5d00000)
  to   space 1536K, 0% used [0x00000000d5d00000,0x00000000d5d00000,0x00000000d5e80000)
 ParOldGen       total 569856K, used 569552K [0x0000000080000000, 0x00000000a2c80000, 0x00000000d5580000)
  object space 569856K, 99% used [0x0000000080000000,0x00000000a2c341f0,0x00000000a2c80000)
 Metaspace       used 68954K, committed 70464K, reserved 1114112K
  class space    used 7373K, committed 8064K, reserved 1048576K
}
Event: 22.715 GC heap after
{Heap after GC invocations=523 (full 3):
 PSYoungGen      total 4608K, used 1037K [0x00000000d5580000, 0x00000000d5e80000, 0x0000000100000000)
  eden space 3072K, 0% used [0x00000000d5580000,0x00000000d5580000,0x00000000d5880000)
  from space 1536K, 67% used [0x00000000d5d00000,0x00000000d5e037e8,0x00000000d5e80000)
  to   space 1536K, 0% used [0x00000000d5b80000,0x00000000d5b80000,0x00000000d5d00000)
 ParOldGen       total 570368K, used 570061K [0x0000000080000000, 0x00000000a2d00000, 0x00000000d5580000)
  object space 570368K, 99% used [0x0000000080000000,0x00000000a2cb3558,0x00000000a2d00000)
 Metaspace       used 68954K, committed 70464K, reserved 1114112K
  class space    used 7373K, committed 8064K, reserved 1048576K
}
Event: 22.858 GC heap before
{Heap before GC invocations=524 (full 3):
 PSYoungGen      total 4608K, used 4109K [0x00000000d5580000, 0x00000000d5e80000, 0x0000000100000000)
  eden space 3072K, 100% used [0x00000000d5580000,0x00000000d5880000,0x00000000d5880000)
  from space 1536K, 67% used [0x00000000d5d00000,0x00000000d5e037e8,0x00000000d5e80000)
  to   space 1536K, 0% used [0x00000000d5b80000,0x00000000d5b80000,0x00000000d5d00000)
 ParOldGen       total 570368K, used 570061K [0x0000000080000000, 0x00000000a2d00000, 0x00000000d5580000)
  object space 570368K, 99% used [0x0000000080000000,0x00000000a2cb3558,0x00000000a2d00000)
 Metaspace       used 69344K, committed 70848K, reserved 1114112K
  class space    used 7401K, committed 8064K, reserved 1048576K
}
Event: 22.861 GC heap after
{Heap after GC invocations=524 (full 3):
 PSYoungGen      total 3584K, used 384K [0x00000000d5580000, 0x00000000d5d80000, 0x0000000100000000)
  eden space 3072K, 0% used [0x00000000d5580000,0x00000000d5580000,0x00000000d5880000)
  from space 512K, 75% used [0x00000000d5b80000,0x00000000d5be0000,0x00000000d5c00000)
  to   space 1024K, 0% used [0x00000000d5c80000,0x00000000d5c80000,0x00000000d5d80000)
 ParOldGen       total 570368K, used 570077K [0x0000000080000000, 0x00000000a2d00000, 0x00000000d5580000)
  object space 570368K, 99% used [0x0000000080000000,0x00000000a2cb7558,0x00000000a2d00000)
 Metaspace       used 69344K, committed 70848K, reserved 1114112K
  class space    used 7401K, committed 8064K, reserved 1048576K
}
Event: 23.066 GC heap before
{Heap before GC invocations=525 (full 3):
 PSYoungGen      total 3584K, used 3456K [0x00000000d5580000, 0x00000000d5d80000, 0x0000000100000000)
  eden space 3072K, 100% used [0x00000000d5580000,0x00000000d5880000,0x00000000d5880000)
  from space 512K, 75% used [0x00000000d5b80000,0x00000000d5be0000,0x00000000d5c00000)
  to   space 1024K, 0% used [0x00000000d5c80000,0x00000000d5c80000,0x00000000d5d80000)
 ParOldGen       total 570368K, used 570077K [0x0000000080000000, 0x00000000a2d00000, 0x00000000d5580000)
  object space 570368K, 99% used [0x0000000080000000,0x00000000a2cb7558,0x00000000a2d00000)
 Metaspace       used 69912K, committed 71488K, reserved 1114112K
  class space    used 7506K, committed 8192K, reserved 1048576K
}
Event: 23.069 GC heap after
{Heap after GC invocations=525 (full 3):
 PSYoungGen      total 3584K, used 512K [0x00000000d5580000, 0x00000000d5d00000, 0x0000000100000000)
  eden space 3072K, 0% used [0x00000000d5580000,0x00000000d5580000,0x00000000d5880000)
  from space 512K, 100% used [0x00000000d5c80000,0x00000000d5d00000,0x00000000d5d00000)
  to   space 1024K, 0% used [0x00000000d5b00000,0x00000000d5b00000,0x00000000d5c00000)
 ParOldGen       total 570368K, used 570224K [0x0000000080000000, 0x00000000a2d00000, 0x00000000d5580000)
  object space 570368K, 99% used [0x0000000080000000,0x00000000a2cdc2d0,0x00000000a2d00000)
 Metaspace       used 69912K, committed 71488K, reserved 1114112K
  class space    used 7506K, committed 8192K, reserved 1048576K
}
Event: 31.017 GC heap before
{Heap before GC invocations=526 (full 3):
 PSYoungGen      total 3584K, used 3583K [0x00000000d5580000, 0x00000000d5d00000, 0x0000000100000000)
  eden space 3072K, 99% used [0x00000000d5580000,0x00000000d587fff8,0x00000000d5880000)
  from space 512K, 100% used [0x00000000d5c80000,0x00000000d5d00000,0x00000000d5d00000)
  to   space 1024K, 0% used [0x00000000d5b00000,0x00000000d5b00000,0x00000000d5c00000)
 ParOldGen       total 570368K, used 570224K [0x0000000080000000, 0x00000000a2d00000, 0x00000000d5580000)
  object space 570368K, 99% used [0x0000000080000000,0x00000000a2cdc2d0,0x00000000a2d00000)
 Metaspace       used 70086K, committed 71616K, reserved 1114112K
  class space    used 7522K, committed 8192K, reserved 1048576K
}
Event: 31.021 GC heap after
{Heap after GC invocations=526 (full 3):
 PSYoungGen      total 4096K, used 720K [0x00000000d5580000, 0x00000000d5d00000, 0x0000000100000000)
  eden space 3072K, 0% used [0x00000000d5580000,0x00000000d5580000,0x00000000d5880000)
  from space 1024K, 70% used [0x00000000d5b00000,0x00000000d5bb4010,0x00000000d5c00000)
  to   space 1024K, 0% used [0x00000000d5c00000,0x00000000d5c00000,0x00000000d5d00000)
 ParOldGen       total 570880K, used 570496K [0x0000000080000000, 0x00000000a2d80000, 0x00000000d5580000)
  object space 570880K, 99% used [0x0000000080000000,0x00000000a2d202d0,0x00000000a2d80000)
 Metaspace       used 70086K, committed 71616K, reserved 1114112K
  class space    used 7522K, committed 8192K, reserved 1048576K
}
Event: 80000.229 GC heap before
{Heap before GC invocations=527 (full 3):
 PSYoungGen      total 4096K, used 3791K [0x00000000d5580000, 0x00000000d5d00000, 0x0000000100000000)
  eden space 3072K, 99% used [0x00000000d5580000,0x00000000d587ffe8,0x00000000d5880000)
  from space 1024K, 70% used [0x00000000d5b00000,0x00000000d5bb4010,0x00000000d5c00000)
  to   space 1024K, 0% used [0x00000000d5c00000,0x00000000d5c00000,0x00000000d5d00000)
 ParOldGen       total 570880K, used 570496K [0x0000000080000000, 0x00000000a2d80000, 0x00000000d5580000)
  object space 570880K, 99% used [0x0000000080000000,0x00000000a2d202d0,0x00000000a2d80000)
 Metaspace       used 70284K, committed 71808K, reserved 1114112K
  class space    used 7528K, committed 8192K, reserved 1048576K
}
Event: 80000.317 GC heap after
{Heap after GC invocations=527 (full 3):
 PSYoungGen      total 4096K, used 608K [0x00000000d5580000, 0x00000000d5d00000, 0x0000000100000000)
  eden space 3072K, 0% used [0x00000000d5580000,0x00000000d5580000,0x00000000d5880000)
  from space 1024K, 59% used [0x00000000d5c00000,0x00000000d5c98020,0x00000000d5d00000)
  to   space 1024K, 0% used [0x00000000d5b00000,0x00000000d5b00000,0x00000000d5c00000)
 ParOldGen       total 570880K, used 570704K [0x0000000080000000, 0x00000000a2d80000, 0x00000000d5580000)
  object space 570880K, 99% used [0x0000000080000000,0x00000000a2d542d0,0x00000000a2d80000)
 Metaspace       used 70284K, committed 71808K, reserved 1114112K
  class space    used 7528K, committed 8192K, reserved 1048576K
}

